<?xml version="1.0" encoding="UTF-8"?>
<!-- Generated by org.testng.reporters.JUnitXMLReporter -->
<testsuite hostname="DESKTOP-44SHP5A" ignored="2" name="Default test(failed)" tests="3" failures="3" timestamp="31 May 2023 03:59:16 GMT" time="7.997" errors="0">
  <testcase name="Tc2" time="3.184" classname="Testng.ClassA">
    <failure type="java.lang.AssertionError" message="expected [true] but found [Reyas@gmail.com]">
      <![CDATA[java.lang.AssertionError: expected [true] but found [Reyas@gmail.com]
at Testng.ClassA.Tc2(ClassA.java:58)
... Removed 30 stack frames]]>
    </failure>
  </testcase> <!-- Tc2 -->
  <testcase name="Tc2" time="0.803" classname="Testng.ClassA">
    <failure type="java.lang.AssertionError" message="expected [true] but found [Reyas@gmail.com]">
      <![CDATA[java.lang.AssertionError: expected [true] but found [Reyas@gmail.com]
at Testng.ClassA.Tc2(ClassA.java:58)
... Removed 30 stack frames]]>
    </failure>
  </testcase> <!-- Tc2 -->
  <testcase name="Tc2" time="0.816" classname="Testng.ClassA">
    <failure type="java.lang.AssertionError" message="expected [true] but found [Reyas@gmail.com]">
      <![CDATA[java.lang.AssertionError: expected [true] but found [Reyas@gmail.com]
at Testng.ClassA.Tc2(ClassA.java:58)
... Removed 30 stack frames]]>
    </failure>
  </testcase> <!-- Tc2 -->
  <testcase name="Tc3" time="0.0" classname="Testng.ClassA">
    <ignored/>
  </testcase> <!-- Tc3 -->
  <testcase name="Tc1" time="0.0" classname="Testng.ClassA">
    <ignored/>
  </testcase> <!-- Tc1 -->
</testsuite> <!-- Default test(failed) -->
