<?xml version="1.0" encoding="UTF-8"?>
<!-- Generated by org.testng.reporters.JUnitXMLReporter -->
<testsuite hostname="DESKTOP-44SHP5A" ignored="0" name="FirefoxTest" tests="1" failures="1" timestamp="02 Jun 2023 03:20:34 GMT" time="0.068" errors="0">
  <testcase name="CrossBrowserTest" time="0.018" classname="Testng.CrossBrowsers">
    <failure type="java.lang.NullPointerException">
      <![CDATA[java.lang.NullPointerException
at org.Base.Lauchurl(Base.java:52)
at Testng.CrossBrowsers.CrossBrowserTest(CrossBrowsers.java:28)
at java.util.concurrent.FutureTask.run(Unknown Source)
at java.util.concurrent.ThreadPoolExecutor.runWorker(Unknown Source)
at java.util.concurrent.ThreadPoolExecutor$Worker.run(Unknown Source)
at java.lang.Thread.run(Unknown Source)
... Removed 16 stack frames]]>
    </failure>
  </testcase> <!-- CrossBrowserTest -->
</testsuite> <!-- FirefoxTest -->
