<?xml version="1.0" encoding="UTF-8"?>
<!-- Generated by org.testng.reporters.JUnitXMLReporter -->
<testsuite hostname="DESKTOP-44SHP5A" ignored="0" name="Test" tests="6" failures="0" timestamp="01 Jun 2023 04:39:40 GMT" time="0.089" errors="0">
  <testcase name="Tc11" time="0.02" classname="Testng.ClassC"/>
  <testcase name="Tc1" time="0.02" classname="Testng.ClassB"/>
  <testcase name="Tc22" time="0.002" classname="Testng.ClassC"/>
  <testcase name="Tc2" time="0.003" classname="Testng.ClassB"/>
  <testcase name="Tc33" time="0.005" classname="Testng.ClassC"/>
  <testcase name="Tc3" time="0.009" classname="Testng.ClassB"/>
</testsuite> <!-- Test -->
